Page non trouvée: ('/phpMyAdmin-5.2.0/index.php',)
Page non trouvée: ('/sql/phpmy-admin/index.php',)
Page non trouvée: ('/_phpmyadmin/index.php',)
Page non trouvée: ('/sql/phpmyadmin5/index.php',)
Page non trouvée: ('/mysql/mysqlmanager/index.php',)
Page non trouvée: ('/administrator/admin/index.php',)
Page non trouvée: ('/phpMyAdmin5.2/index.php',)
Page non trouvée: ('/mysqlmanager/index.php',)
Page non trouvée: ('/admin/db/index.php',)
Page non trouvée: ('/sql/sql/index.php',)
Page non trouvée: ('/program/index.php',)
Page non trouvée: ('/admin/sysadmin/index.php',)
Page non trouvée: ('/sql/sqlweb/index.php',)
Page non trouvée: ('/phpMyAdmin3/index.php',)
Page non trouvée: ('/db/phpmyadmin/index.php',)
Page non trouvée: ('/myadmin/index.php',)
Page non trouvée: ('/phpmyadmin/index.php',)
Page non trouvée: ('/sql/php-myadmin/index.php',)
Page non trouvée: ('/sql/webadmin/index.php',)
Page non trouvée: ('/sql/phpMyAdmin2/index.php',)
Page non trouvée: ('/_phpMyAdmin/index.php',)
Page non trouvée: ('/phpMyAdmin1/index.php',)
Page non trouvée: ('/phpMyAdmin-4/index.php',)
Page non trouvée: ('/phpMyAdmin/index.php',)
Page non trouvée: ('/sql/phpmanager/index.php',)
Page non trouvée: ('/administrator/phpmyadmin/index.php',)
Page non trouvée: ('/_phpmyadmin_/index.php',)
Page non trouvée: ('/phpMyAdmin4/index.php',)
Page non trouvée: ('/db/webdb/index.php',)
Page non trouvée: ('/phpmyAdmin/index.php',)
Page non trouvée: ('/mysql/web/index.php',)
Page non trouvée: ('/phpmyadmin4/index.php',)
Page non trouvée: ('/wpma5.2/index.php',)
Page non trouvée: ('/admin/web/index.php',)
Page non trouvée: ('/mysql/admin/index.php',)
Page non trouvée: ('/mysql/index.php',)
Page non trouvée: ('/phpmyadmin1/index.php',)
Page non trouvée: ('/administrator/phpMyAdmin/index.php',)
Page non trouvée: ('/shopdb/index.php',)
Page non trouvée: ('/phpmyadmin2014/index.php',)
Page non trouvée: ('/db/phpMyAdmin/index.php',)
Page non trouvée: ('/mysqladmin/index.php',)
Page non trouvée: ('/db/myadmin/index.php',)
Page non trouvée: ('/phpMyAdmin-5.3.0/index.php',)
Page non trouvée: ('/phpmyadmin2013/index.php',)
Page non trouvée: ('/sql/sql-admin/index.php',)
Page non trouvée: ('/db/phpMyAdmin-5/index.php',)
Page non trouvée: ('/phpMyAdmin5/index.php',)
Page non trouvée: ('/phpMyAdmin-4.9.10-all-languages/index.php',)
Page non trouvée: ('/MyAdmin/index.php',)
Page non trouvée: ('/phpmyadmin3/index.php',)
Page non trouvée: ('/phpmyadmin2018/index.php',)
Page non trouvée: ('/db/websql/index.php',)
Page non trouvée: ('/sql/sqladmin/index.php',)
Page non trouvée: ('/admin/sqladmin/index.php',)
Page non trouvée: ('/phpMyAdmin-5/index.php',)
Page non trouvée: ('/2phpmyadmin/index.php',)
Page non trouvée: ('/phpmyadmin2/index.php',)
Page non trouvée: ('/db/dbweb/index.php',)
Page non trouvée: ('/phpMyAdmin-5.1.3/index.php',)
Page non trouvée: ('/phpMyAdmin-3/index.php',)
Page non trouvée: ('/phpMyAdmin-5.3.0-all-languages/index.php',)
Page non trouvée: ('/phpmy/index.php',)
Page non trouvée: ('/PMA/index.php',)
Page non trouvée: ('/dbadmin/index.php',)
Page non trouvée: ('/phpmyadmin2021/index.php',)
Page non trouvée: ('/phpMyAdmin-4.9.7/index.php',)
Page non trouvée: ('/admin/phpMyAdmin/index.php',)
Page non trouvée: ('/admin/index.php',)
Page non trouvée: ('/db/phpmyadmin3/index.php',)
Page non trouvée: ('/sql/webdb/index.php',)
Page non trouvée: ('/phpmyadmin5/index.php',)
Page non trouvée: ('/phpmy-admin/index.php',)
Page non trouvée: ('/administrator/PMA/index.php',)
Page non trouvée: ('/phpMyAdmin5.1/index.php',)
Page non trouvée: ('/phpmyadmin2012/index.php',)
Page non trouvée: ('/php-myadmin/index.php',)
Page non trouvée: ('/sql/myadmin/index.php',)
Page non trouvée: ('/db/db-admin/index.php',)
Page non trouvée: ('/admin/pma/index.php',)
Page non trouvée: ('/pma/index.php',)
Page non trouvée: ('/mysql/pMA/index.php',)
Page non trouvée: ('/phpMyAdmin-5.1.0/index.php',)
Page non trouvée: ('/phpMyAdmin-5.2.0-all-languages/index.php',)
Page non trouvée: ('/phpMyAdmin-latest-all-languages/index.php',)
Page non trouvée: ('/database/index.php',)
Page non trouvée: ('/mysql/sqlmanager/index.php',)
Page non trouvée: ('/phpMyAdmin-latest-english/index.php',)
Page non trouvée: ('/db/phpmyadmin4/index.php',)
Page non trouvée: ('/sql/phpmyadmin3/index.php',)
Page non trouvée: ('/wp-content/plugins/portable-phpmyadmin/wp-pma-mod/index.php',)
Page non trouvée: ('/db/index.php',)
Page non trouvée: ('/sql/phpMyAdmin/index.php',)
Page non trouvée: ('/administrator/db/index.php',)
Page non trouvée: ('/db/phpMyAdmin-3/index.php',)
Page non trouvée: ('/db/phpMyAdmin-4/index.php',)
Page non trouvée: ('/administrator/pma/index.php',)
Page non trouvée: ('/phpmyadmin2020/index.php',)
Page non trouvée: ('/mysql/db/index.php',)
Page non trouvée: ('/1phpmyadmin/index.php',)
Page non trouvée: ('/.env',)
Page non trouvée: ('/core/.env',)
Page non trouvée: ('/core/.env',)
Page non trouvée: ('/core/.env',)
